<?xml version="1.0" encoding="UTF-8"?>
<robot generator="Robot 5.0.1 (Python 3.8.2 on win32)" generated="20230818 02:52:23.907" rpa="false" schemaversion="3">
<suite id="s1" name="Testmyinfo" source="c:\Users\bruno\Documents\PrimeC\PrimeControl\Desafio tech Prime\TestCase\testmyinfo.robot">
<kw name="Configurar TIMEOUT" library="resource" type="SETUP">
<kw name="Set Selenium Timeout" library="SeleniumLibrary">
<arg>${TIMEOUT}</arg>
<doc>Sets the timeout that is used by various keywords.</doc>
<status status="PASS" starttime="20230818 02:52:24.470" endtime="20230818 02:52:24.470"/>
</kw>
<kw name="Set Selenium Implicit Wait" library="SeleniumLibrary">
<arg>${TIMEOUT}</arg>
<doc>Sets the implicit wait value used by Selenium.</doc>
<status status="PASS" starttime="20230818 02:52:24.470" endtime="20230818 02:52:24.471"/>
</kw>
<status status="PASS" starttime="20230818 02:52:24.470" endtime="20230818 02:52:24.471"/>
</kw>
<test id="s1-t1" name="Cenário: Login bem sucedido" line="12">
<kw name="Abrir o navegador" library="resource" type="SETUP">
<kw name="Open Browser" library="SeleniumLibrary">
<arg>browser=chrome</arg>
<doc>Opens a new browser instance to the optional ``url``.</doc>
<msg timestamp="20230818 02:52:24.472" level="INFO">Opening browser 'chrome' to base url 'None'.</msg>
<status status="PASS" starttime="20230818 02:52:24.472" endtime="20230818 02:52:25.607"/>
</kw>
<kw name="Maximize Browser Window" library="SeleniumLibrary">
<doc>Maximizes current browser window.</doc>
<status status="PASS" starttime="20230818 02:52:25.607" endtime="20230818 02:52:25.721"/>
</kw>
<status status="PASS" starttime="20230818 02:52:24.472" endtime="20230818 02:52:25.721"/>
</kw>
<kw name="Dado que o usuário esteja no site" library="resource">
<kw name="Dado que estou na página de login" library="resource">
<kw name="Go To" library="SeleniumLibrary">
<arg>${URL}</arg>
<doc>Navigates the current browser window to the provided ``url``.</doc>
<msg timestamp="20230818 02:52:25.723" level="INFO">Opening url 'https://opensource-demo.orangehrmlive.com/web/index.php/auth/login'</msg>
<status status="PASS" starttime="20230818 02:52:25.723" endtime="20230818 02:52:28.881"/>
</kw>
<status status="PASS" starttime="20230818 02:52:25.723" endtime="20230818 02:52:28.881"/>
</kw>
<kw name="E preencho login e senha" library="resource">
<kw name="Input Text" library="SeleniumLibrary">
<arg>${Login}</arg>
<arg>Admin</arg>
<doc>Types the given ``text`` into the text field identified by ``locator``.</doc>
<msg timestamp="20230818 02:52:28.882" level="INFO">Typing text 'Admin' into text field '//input[contains(@name,'username')]'.</msg>
<status status="PASS" starttime="20230818 02:52:28.882" endtime="20230818 02:52:29.427"/>
</kw>
<kw name="Input Text" library="SeleniumLibrary">
<arg>${Password}</arg>
<arg>admin123</arg>
<doc>Types the given ``text`` into the text field identified by ``locator``.</doc>
<msg timestamp="20230818 02:52:29.428" level="INFO">Typing text 'admin123' into text field '//input[contains(@type,'password')]'.</msg>
<status status="PASS" starttime="20230818 02:52:29.427" endtime="20230818 02:52:29.511"/>
</kw>
<status status="PASS" starttime="20230818 02:52:28.881" endtime="20230818 02:52:29.512"/>
</kw>
<kw name="E clique no botão de login" library="resource">
<kw name="Click Element" library="SeleniumLibrary">
<arg>${BTN_Login}</arg>
<doc>Click the element identified by ``locator``.</doc>
<msg timestamp="20230818 02:52:29.514" level="INFO">Clicking element '//button[@type='submit'][contains(.,'Login')]'.</msg>
<status status="PASS" starttime="20230818 02:52:29.513" endtime="20230818 02:52:29.558"/>
</kw>
<kw name="Sleep" library="BuiltIn">
<arg>3</arg>
<doc>Pauses the test executed for the given time.</doc>
<msg timestamp="20230818 02:52:32.568" level="INFO">Slept 3 seconds</msg>
<status status="PASS" starttime="20230818 02:52:29.558" endtime="20230818 02:52:32.568"/>
</kw>
<status status="PASS" starttime="20230818 02:52:29.512" endtime="20230818 02:52:32.568"/>
</kw>
<status status="PASS" starttime="20230818 02:52:25.722" endtime="20230818 02:52:32.568"/>
</kw>
<kw name="Quando clico em My Info" library="resource">
<kw name="Click Element" library="SeleniumLibrary">
<arg>${BTN_MyInfo}</arg>
<doc>Click the element identified by ``locator``.</doc>
<msg timestamp="20230818 02:52:32.570" level="INFO">Clicking element '//span[@class='oxd-text oxd-text--span oxd-main-menu-item--name'][contains(.,'My Info')]'.</msg>
<status status="PASS" starttime="20230818 02:52:32.569" endtime="20230818 02:52:33.979"/>
</kw>
<status status="PASS" starttime="20230818 02:52:32.569" endtime="20230818 02:52:33.979"/>
</kw>
<kw name="E Realizo o preenchimento do campos com dados aleatórios" library="resource">
<kw name="E altero o Nome do usuario" library="resource">
<kw name="Name" library="FakerLibrary">
<var>${NOMEFAKE}</var>
<doc>:example: 'John Doe'</doc>
<msg timestamp="20230818 02:52:33.982" level="INFO">${NOMEFAKE} = Edwin Turner</msg>
<status status="PASS" starttime="20230818 02:52:33.981" endtime="20230818 02:52:33.982"/>
</kw>
<kw name="Sleep" library="BuiltIn">
<arg>2</arg>
<doc>Pauses the test executed for the given time.</doc>
<msg timestamp="20230818 02:52:35.995" level="INFO">Slept 2 seconds</msg>
<status status="PASS" starttime="20230818 02:52:33.982" endtime="20230818 02:52:35.995"/>
</kw>
<kw name="Click Element" library="SeleniumLibrary">
<arg>${Name}</arg>
<doc>Click the element identified by ``locator``.</doc>
<msg timestamp="20230818 02:52:35.996" level="INFO">Clicking element 'name=firstName'.</msg>
<status status="PASS" starttime="20230818 02:52:35.996" endtime="20230818 02:52:36.051"/>
</kw>
<kw name="Press Backspace Key" library="press_tab">
<status status="PASS" starttime="20230818 02:52:36.051" endtime="20230818 02:52:39.109"/>
</kw>
<kw name="Sleep" library="BuiltIn">
<arg>2</arg>
<doc>Pauses the test executed for the given time.</doc>
<msg timestamp="20230818 02:52:41.123" level="INFO">Slept 2 seconds</msg>
<status status="PASS" starttime="20230818 02:52:39.109" endtime="20230818 02:52:41.123"/>
</kw>
<kw name="Input Text" library="SeleniumLibrary">
<arg>${Name}</arg>
<arg>${NOMEFAKE}</arg>
<doc>Types the given ``text`` into the text field identified by ``locator``.</doc>
<msg timestamp="20230818 02:52:41.125" level="INFO">Typing text 'Edwin Turner' into text field 'name=firstName'.</msg>
<status status="PASS" starttime="20230818 02:52:41.124" endtime="20230818 02:52:41.194"/>
</kw>
<kw name="Press Tab Key" library="press_tab">
<status status="PASS" starttime="20230818 02:52:41.195" endtime="20230818 02:52:41.296"/>
</kw>
<kw name="Name" library="FakerLibrary">
<var>${NOMEFAKE}</var>
<doc>:example: 'John Doe'</doc>
<msg timestamp="20230818 02:52:41.296" level="INFO">${NOMEFAKE} = Rachel Whitaker</msg>
<status status="PASS" starttime="20230818 02:52:41.296" endtime="20230818 02:52:41.297"/>
</kw>
<kw name="Press Backspace Key" library="press_tab">
<status status="PASS" starttime="20230818 02:52:41.297" endtime="20230818 02:52:44.355"/>
</kw>
<kw name="Input Text" library="SeleniumLibrary">
<arg>${MiddleName}</arg>
<arg>${NOMEFAKE}</arg>
<doc>Types the given ``text`` into the text field identified by ``locator``.</doc>
<msg timestamp="20230818 02:52:44.356" level="INFO">Typing text 'Rachel Whitaker' into text field 'name=middleName'.</msg>
<status status="PASS" starttime="20230818 02:52:44.355" endtime="20230818 02:52:44.428"/>
</kw>
<kw name="Name" library="FakerLibrary">
<var>${NOMEFAKE}</var>
<doc>:example: 'John Doe'</doc>
<msg timestamp="20230818 02:52:44.429" level="INFO">${NOMEFAKE} = Angel Taylor</msg>
<status status="PASS" starttime="20230818 02:52:44.429" endtime="20230818 02:52:44.429"/>
</kw>
<kw name="Press Tab Key" library="press_tab">
<status status="PASS" starttime="20230818 02:52:44.429" endtime="20230818 02:52:44.542"/>
</kw>
<kw name="Press Backspace Key" library="press_tab">
<status status="PASS" starttime="20230818 02:52:44.542" endtime="20230818 02:52:47.592"/>
</kw>
<kw name="Input Text" library="SeleniumLibrary">
<arg>${LastName}</arg>
<arg>${NOMEFAKE}</arg>
<doc>Types the given ``text`` into the text field identified by ``locator``.</doc>
<msg timestamp="20230818 02:52:47.593" level="INFO">Typing text 'Angel Taylor' into text field 'name=lastName'.</msg>
<status status="PASS" starttime="20230818 02:52:47.592" endtime="20230818 02:52:47.658"/>
</kw>
<kw name="Press Tab Key" library="press_tab">
<status status="PASS" starttime="20230818 02:52:47.659" endtime="20230818 02:52:47.764"/>
</kw>
<kw name="Word" library="FakerLibrary">
<var>${PALAVRAFAKE}</var>
<doc>Generate a word.</doc>
<msg timestamp="20230818 02:52:47.764" level="INFO">${PALAVRAFAKE} = another</msg>
<status status="PASS" starttime="20230818 02:52:47.764" endtime="20230818 02:52:47.765"/>
</kw>
<kw name="Press Backspace Key" library="press_tab">
<status status="PASS" starttime="20230818 02:52:47.765" endtime="20230818 02:52:50.808"/>
</kw>
<kw name="Input Text" library="SeleniumLibrary">
<arg>${NickName}</arg>
<arg>${PALAVRAFAKE}</arg>
<doc>Types the given ``text`` into the text field identified by ``locator``.</doc>
<msg timestamp="20230818 02:52:50.809" level="INFO">Typing text 'another' into text field '//input[contains(@wfd-id,'id4')]'.</msg>
<status status="PASS" starttime="20230818 02:52:50.808" endtime="20230818 02:52:50.861"/>
</kw>
<kw name="Sleep" library="BuiltIn">
<arg>2</arg>
<doc>Pauses the test executed for the given time.</doc>
<msg timestamp="20230818 02:52:52.876" level="INFO">Slept 2 seconds</msg>
<status status="PASS" starttime="20230818 02:52:50.862" endtime="20230818 02:52:52.876"/>
</kw>
<status status="PASS" starttime="20230818 02:52:33.980" endtime="20230818 02:52:52.876"/>
</kw>
<kw name="Quando preencho os dados de empregado" library="resource">
<kw name="Month" library="FakerLibrary">
<var>${MESFAKE}</var>
<msg timestamp="20230818 02:52:52.877" level="INFO">${MESFAKE} = 12</msg>
<status status="PASS" starttime="20230818 02:52:52.877" endtime="20230818 02:52:52.877"/>
</kw>
<kw name="Year" library="FakerLibrary">
<var>${ANOFAKE}</var>
<msg timestamp="20230818 02:52:52.878" level="INFO">${ANOFAKE} = 1982</msg>
<status status="PASS" starttime="20230818 02:52:52.877" endtime="20230818 02:52:52.878"/>
</kw>
<kw name="Day Of Week" library="FakerLibrary">
<var>${DIADASEMANAFAKE}</var>
<msg timestamp="20230818 02:52:52.878" level="INFO">${DIADASEMANAFAKE} = Sunday</msg>
<status status="PASS" starttime="20230818 02:52:52.878" endtime="20230818 02:52:52.879"/>
</kw>
<kw name="Day Of Month" library="FakerLibrary">
<var>${DIADOMESFAKE}</var>
<msg timestamp="20230818 02:52:52.879" level="INFO">${DIADOMESFAKE} = 30</msg>
<status status="PASS" starttime="20230818 02:52:52.879" endtime="20230818 02:52:52.879"/>
</kw>
<kw name="Year" library="FakerLibrary">
<var>${ANOFAKE}</var>
<msg timestamp="20230818 02:52:52.880" level="INFO">${ANOFAKE} = 1971</msg>
<status status="PASS" starttime="20230818 02:52:52.880" endtime="20230818 02:52:52.880"/>
</kw>
<kw name="Credit Card Number" library="FakerLibrary">
<var>${CARTAODECREDITOFAKE}</var>
<doc>Generate a valid credit card number.</doc>
<msg timestamp="20230818 02:52:52.882" level="INFO">${CARTAODECREDITOFAKE} = 5488503380992563</msg>
<status status="PASS" starttime="20230818 02:52:52.881" endtime="20230818 02:52:52.882"/>
</kw>
<kw name="Click Element" library="SeleniumLibrary">
<arg>${EmployId}</arg>
<doc>Click the element identified by ``locator``.</doc>
<msg timestamp="20230818 02:52:52.883" level="INFO">Clicking element '//input[contains(@wfd-id,'id5')]'.</msg>
<status status="PASS" starttime="20230818 02:52:52.883" endtime="20230818 02:52:52.929"/>
</kw>
<kw name="Press Backspace Key" library="press_tab">
<status status="PASS" starttime="20230818 02:52:52.930" endtime="20230818 02:52:55.978"/>
</kw>
<kw name="Input Text" library="SeleniumLibrary">
<arg>${EmployId}</arg>
<arg>${ANOFAKE}${ANOFAKE}</arg>
<doc>Types the given ``text`` into the text field identified by ``locator``.</doc>
<msg timestamp="20230818 02:52:55.979" level="INFO">Typing text '19711971' into text field '//input[contains(@wfd-id,'id5')]'.</msg>
<status status="PASS" starttime="20230818 02:52:55.978" endtime="20230818 02:52:56.035"/>
</kw>
<kw name="Click Element" library="SeleniumLibrary">
<arg>${OtherId}</arg>
<doc>Click the element identified by ``locator``.</doc>
<msg timestamp="20230818 02:52:56.035" level="INFO">Clicking element '//input[contains(@wfd-id,'id6')]'.</msg>
<status status="PASS" starttime="20230818 02:52:56.035" endtime="20230818 02:52:56.071"/>
</kw>
<kw name="Press Backspace Key" library="press_tab">
<status status="PASS" starttime="20230818 02:52:56.071" endtime="20230818 02:52:59.127"/>
</kw>
<kw name="Year" library="FakerLibrary">
<var>${ANOFAKE}</var>
<msg timestamp="20230818 02:52:59.128" level="INFO">${ANOFAKE} = 1990</msg>
<status status="PASS" starttime="20230818 02:52:59.127" endtime="20230818 02:52:59.128"/>
</kw>
<kw name="Input Text" library="SeleniumLibrary">
<arg>${OtherId}</arg>
<arg>${ANOFAKE}${ANOFAKE}</arg>
<doc>Types the given ``text`` into the text field identified by ``locator``.</doc>
<msg timestamp="20230818 02:52:59.128" level="INFO">Typing text '19901990' into text field '//input[contains(@wfd-id,'id6')]'.</msg>
<status status="PASS" starttime="20230818 02:52:59.128" endtime="20230818 02:52:59.181"/>
</kw>
<kw name="Click Element" library="SeleniumLibrary">
<arg>${DriverLicense}</arg>
<doc>Click the element identified by ``locator``.</doc>
<msg timestamp="20230818 02:52:59.182" level="INFO">Clicking element '//input[contains(@wfd-id,'id7')]'.</msg>
<status status="PASS" starttime="20230818 02:52:59.181" endtime="20230818 02:52:59.216"/>
</kw>
<kw name="Press Backspace Key" library="press_tab">
<status status="PASS" starttime="20230818 02:52:59.216" endtime="20230818 02:53:02.281"/>
</kw>
<kw name="Year" library="FakerLibrary">
<var>${ANOFAKE}</var>
<msg timestamp="20230818 02:53:02.281" level="INFO">${ANOFAKE} = 1976</msg>
<status status="PASS" starttime="20230818 02:53:02.281" endtime="20230818 02:53:02.281"/>
</kw>
<kw name="Input Text" library="SeleniumLibrary">
<arg>${DriverLicense}</arg>
<arg>${ANOFAKE}${ANOFAKE}${ANOFAKE}$</arg>
<doc>Types the given ``text`` into the text field identified by ``locator``.</doc>
<msg timestamp="20230818 02:53:02.282" level="INFO">Typing text '197619761976$' into text field '//input[contains(@wfd-id,'id7')]'.</msg>
<status status="PASS" starttime="20230818 02:53:02.282" endtime="20230818 02:53:02.337"/>
</kw>
<kw name="Click Element" library="SeleniumLibrary">
<arg>${LicenseDate}</arg>
<doc>Click the element identified by ``locator``.</doc>
<msg timestamp="20230818 02:53:02.337" level="INFO">Clicking element '//input[contains(@wfd-id,'id8')]'.</msg>
<status status="PASS" starttime="20230818 02:53:02.337" endtime="20230818 02:53:02.380"/>
</kw>
<kw name="Press Backspace Key" library="press_tab">
<status status="PASS" starttime="20230818 02:53:02.380" endtime="20230818 02:53:05.444"/>
</kw>
<kw name="Year" library="FakerLibrary">
<var>${ANOFAKE}</var>
<msg timestamp="20230818 02:53:05.444" level="INFO">${ANOFAKE} = 1971</msg>
<status status="PASS" starttime="20230818 02:53:05.444" endtime="20230818 02:53:05.445"/>
</kw>
<kw name="Input Text" library="SeleniumLibrary">
<arg>${LicenseDate}</arg>
<arg>${ANOFAKE}-${MESFAKE}-${DIADOMESFAKE}</arg>
<doc>Types the given ``text`` into the text field identified by ``locator``.</doc>
<msg timestamp="20230818 02:53:05.445" level="INFO">Typing text '1971-12-30' into text field '//input[contains(@wfd-id,'id8')]'.</msg>
<status status="PASS" starttime="20230818 02:53:05.445" endtime="20230818 02:53:05.485"/>
</kw>
<kw name="Click Element" library="SeleniumLibrary">
<arg>${SsnNumber}</arg>
<doc>Click the element identified by ``locator``.</doc>
<msg timestamp="20230818 02:53:05.486" level="INFO">Clicking element '//input[contains(@wfd-id,'id9')]'.</msg>
<status status="PASS" starttime="20230818 02:53:05.486" endtime="20230818 02:53:05.523"/>
</kw>
<kw name="Press Backspace Key" library="press_tab">
<status status="PASS" starttime="20230818 02:53:05.523" endtime="20230818 02:53:08.581"/>
</kw>
<kw name="Input Text" library="SeleniumLibrary">
<arg>${SsnNumber}</arg>
<arg>${CARTAODECREDITOFAKE}</arg>
<doc>Types the given ``text`` into the text field identified by ``locator``.</doc>
<msg timestamp="20230818 02:53:08.582" level="INFO">Typing text '5488503380992563' into text field '//input[contains(@wfd-id,'id9')]'.</msg>
<status status="PASS" starttime="20230818 02:53:08.581" endtime="20230818 02:53:08.646"/>
</kw>
<kw name="Click Element" library="SeleniumLibrary">
<arg>${SimNumber}</arg>
<doc>Click the element identified by ``locator``.</doc>
<msg timestamp="20230818 02:53:08.647" level="INFO">Clicking element '//input[contains(@wfd-id,'id10')]'.</msg>
<status status="PASS" starttime="20230818 02:53:08.647" endtime="20230818 02:53:08.683"/>
</kw>
<kw name="Credit Card Number" library="FakerLibrary">
<var>${CARTAODECREDITOFAKE}</var>
<doc>Generate a valid credit card number.</doc>
<msg timestamp="20230818 02:53:08.683" level="INFO">${CARTAODECREDITOFAKE} = 6011900067943477</msg>
<status status="PASS" starttime="20230818 02:53:08.683" endtime="20230818 02:53:08.683"/>
</kw>
<kw name="Press Backspace Key" library="press_tab">
<status status="PASS" starttime="20230818 02:53:08.683" endtime="20230818 02:53:11.739"/>
</kw>
<kw name="Input Text" library="SeleniumLibrary">
<arg>${SimNumber}</arg>
<arg>${CARTAODECREDITOFAKE}</arg>
<doc>Types the given ``text`` into the text field identified by ``locator``.</doc>
<msg timestamp="20230818 02:53:11.740" level="INFO">Typing text '6011900067943477' into text field '//input[contains(@wfd-id,'id10')]'.</msg>
<status status="PASS" starttime="20230818 02:53:11.739" endtime="20230818 02:53:11.813"/>
</kw>
<kw name="Sleep" library="BuiltIn">
<arg>5</arg>
<doc>Pauses the test executed for the given time.</doc>
<msg timestamp="20230818 02:53:16.815" level="INFO">Slept 5 seconds</msg>
<status status="PASS" starttime="20230818 02:53:11.813" endtime="20230818 02:53:16.815"/>
</kw>
<kw name="Scroll Element Into View" library="SeleniumLibrary">
<arg>${MilitaryServiceLabel}</arg>
<doc>Scrolls the element identified by ``locator`` into view.</doc>
<status status="PASS" starttime="20230818 02:53:16.815" endtime="20230818 02:53:17.097"/>
</kw>
<status status="PASS" starttime="20230818 02:52:52.877" endtime="20230818 02:53:17.097"/>
</kw>
<kw name="E depois preencho o resto dos dados" library="resource">
<kw name="Month" library="FakerLibrary">
<var>${MESFAKE}</var>
<msg timestamp="20230818 02:53:17.097" level="INFO">${MESFAKE} = 02</msg>
<status status="PASS" starttime="20230818 02:53:17.097" endtime="20230818 02:53:17.098"/>
</kw>
<kw name="Year" library="FakerLibrary">
<var>${ANOFAKE}</var>
<msg timestamp="20230818 02:53:17.098" level="INFO">${ANOFAKE} = 2007</msg>
<status status="PASS" starttime="20230818 02:53:17.098" endtime="20230818 02:53:17.098"/>
</kw>
<kw name="Day Of Week" library="FakerLibrary">
<var>${DIADASEMANAFAKE}</var>
<msg timestamp="20230818 02:53:17.098" level="INFO">${DIADASEMANAFAKE} = Wednesday</msg>
<status status="PASS" starttime="20230818 02:53:17.098" endtime="20230818 02:53:17.098"/>
</kw>
<kw name="Day Of Month" library="FakerLibrary">
<var>${DIADOMESFAKE}</var>
<msg timestamp="20230818 02:53:17.099" level="INFO">${DIADOMESFAKE} = 13</msg>
<status status="PASS" starttime="20230818 02:53:17.099" endtime="20230818 02:53:17.100"/>
</kw>
<kw name="Year" library="FakerLibrary">
<var>${ANOFAKE}</var>
<msg timestamp="20230818 02:53:17.100" level="INFO">${ANOFAKE} = 2009</msg>
<status status="PASS" starttime="20230818 02:53:17.100" endtime="20230818 02:53:17.101"/>
</kw>
<kw name="City" library="FakerLibrary">
<var>${CIDADEFAKE}</var>
<doc>:example: 'Sashabury'</doc>
<msg timestamp="20230818 02:53:17.102" level="INFO">${CIDADEFAKE} = Lake Jamie</msg>
<status status="PASS" starttime="20230818 02:53:17.101" endtime="20230818 02:53:17.102"/>
</kw>
<kw name="Word" library="FakerLibrary">
<var>${PALAVRAFAKE}</var>
<doc>Generate a word.</doc>
<msg timestamp="20230818 02:53:17.103" level="INFO">${PALAVRAFAKE} = kind</msg>
<status status="PASS" starttime="20230818 02:53:17.103" endtime="20230818 02:53:17.103"/>
</kw>
<kw name="Click Element" library="SeleniumLibrary">
<arg>${Nationality}</arg>
<doc>Click the element identified by ``locator``.</doc>
<msg timestamp="20230818 02:53:17.104" level="INFO">Clicking element '//label[@class='oxd-label'][contains(.,'Nationality')]'.</msg>
<status status="PASS" starttime="20230818 02:53:17.104" endtime="20230818 02:53:17.143"/>
</kw>
<kw name="Press Tab Key" library="press_tab">
<status status="PASS" starttime="20230818 02:53:17.144" endtime="20230818 02:53:17.253"/>
</kw>
<kw name="Press Keys" library="SeleniumLibrary">
<arg>NONE</arg>
<arg>${PALAVRAFAKE}</arg>
<doc>Simulates the user pressing key(s) to an element or on the active browser.</doc>
<msg timestamp="20230818 02:53:17.254" level="INFO">Sending key(s) ('kind',) to page.</msg>
<msg timestamp="20230818 02:53:17.254" level="INFO">Sending keys kind</msg>
<status status="PASS" starttime="20230818 02:53:17.254" endtime="20230818 02:53:17.276"/>
</kw>
<kw name="Click Element" library="SeleniumLibrary">
<arg>${MaritalStatus}</arg>
<doc>Click the element identified by ``locator``.</doc>
<msg timestamp="20230818 02:53:17.277" level="INFO">Clicking element '//label[@class='oxd-label'][contains(.,'Marital Status')]'.</msg>
<status status="PASS" starttime="20230818 02:53:17.277" endtime="20230818 02:53:17.307"/>
</kw>
<kw name="Press Tab Key" library="press_tab">
<status status="PASS" starttime="20230818 02:53:17.307" endtime="20230818 02:53:17.411"/>
</kw>
<kw name="Press Down Arrow Key" library="press_tab">
<status status="PASS" starttime="20230818 02:53:17.411" endtime="20230818 02:53:17.519"/>
</kw>
<kw name="Press Enter Key" library="press_tab">
<status status="PASS" starttime="20230818 02:53:17.519" endtime="20230818 02:53:17.627"/>
</kw>
<kw name="Scroll Element Into View" library="SeleniumLibrary">
<arg>${BloodType}</arg>
<doc>Scrolls the element identified by ``locator`` into view.</doc>
<status status="PASS" starttime="20230818 02:53:17.627" endtime="20230818 02:53:17.910"/>
</kw>
<kw name="Click Element" library="SeleniumLibrary">
<arg>${BloodType}</arg>
<doc>Click the element identified by ``locator``.</doc>
<msg timestamp="20230818 02:53:17.911" level="INFO">Clicking element '//label[@class='oxd-label'][contains(.,'Blood Type')]'.</msg>
<status status="PASS" starttime="20230818 02:53:17.910" endtime="20230818 02:53:17.943"/>
</kw>
<kw name="Click Element" library="SeleniumLibrary">
<arg>${BirthDate}</arg>
<doc>Click the element identified by ``locator``.</doc>
<msg timestamp="20230818 02:53:17.944" level="INFO">Clicking element '//input[contains(@wfd-id,'id11')]'.</msg>
<status status="PASS" starttime="20230818 02:53:17.943" endtime="20230818 02:53:17.983"/>
</kw>
<kw name="Press Backspace Key" library="press_tab">
<status status="PASS" starttime="20230818 02:53:17.983" endtime="20230818 02:53:21.046"/>
</kw>
<kw name="Year" library="FakerLibrary">
<var>${ANOFAKE}</var>
<msg timestamp="20230818 02:53:21.047" level="INFO">${ANOFAKE} = 2015</msg>
<status status="PASS" starttime="20230818 02:53:21.046" endtime="20230818 02:53:21.048"/>
</kw>
<kw name="Input Text" library="SeleniumLibrary">
<arg>${BirthDate}</arg>
<arg>${ANOFAKE}-${MESFAKE}-${DIADOMESFAKE}</arg>
<doc>Types the given ``text`` into the text field identified by ``locator``.</doc>
<msg timestamp="20230818 02:53:21.048" level="INFO">Typing text '2015-02-13' into text field '//input[contains(@wfd-id,'id11')]'.</msg>
<status status="PASS" starttime="20230818 02:53:21.048" endtime="20230818 02:53:21.096"/>
</kw>
<kw name="Click Random Option" library="resource">
<var>${clicked_option}</var>
<arg>${Male}</arg>
<arg>${Female}</arg>
<kw name="Evaluate" library="BuiltIn">
<var>${chosen_locator}</var>
<arg>random.choice([$locator1, $locator2])</arg>
<doc>Evaluates the given expression in Python and returns the result.</doc>
<msg timestamp="20230818 02:53:21.100" level="INFO">${chosen_locator} = //label[contains(.,'Female')]</msg>
<status status="PASS" starttime="20230818 02:53:21.097" endtime="20230818 02:53:21.100"/>
</kw>
<kw name="Click Element" library="SeleniumLibrary">
<arg>${chosen_locator}</arg>
<doc>Click the element identified by ``locator``.</doc>
<msg timestamp="20230818 02:53:21.100" level="INFO">Clicking element '//label[contains(.,'Female')]'.</msg>
<status status="PASS" starttime="20230818 02:53:21.100" endtime="20230818 02:53:21.134"/>
</kw>
<msg timestamp="20230818 02:53:21.135" level="INFO">${clicked_option} = //label[contains(.,'Female')]</msg>
<status status="PASS" starttime="20230818 02:53:21.097" endtime="20230818 02:53:21.135"/>
</kw>
<kw name="Log" library="BuiltIn">
<arg>Clicked on ${clicked_option}</arg>
<doc>Logs the given message with the given level.</doc>
<msg timestamp="20230818 02:53:21.135" level="INFO">Clicked on //label[contains(.,'Female')]</msg>
<status status="PASS" starttime="20230818 02:53:21.135" endtime="20230818 02:53:21.135"/>
</kw>
<kw name="Click Element" library="SeleniumLibrary">
<arg>${MilitaryText}</arg>
<doc>Click the element identified by ``locator``.</doc>
<msg timestamp="20230818 02:53:21.136" level="INFO">Clicking element '//input[contains(@wfd-id,'id14')]'.</msg>
<status status="PASS" starttime="20230818 02:53:21.135" endtime="20230818 02:53:21.482"/>
</kw>
<kw name="Press Backspace Key" library="press_tab">
<status status="PASS" starttime="20230818 02:53:21.482" endtime="20230818 02:53:24.543"/>
</kw>
<kw name="Input Text" library="SeleniumLibrary">
<arg>${MilitaryText}</arg>
<arg>Tenent-${PALAVRAFAKE}</arg>
<doc>Types the given ``text`` into the text field identified by ``locator``.</doc>
<msg timestamp="20230818 02:53:24.544" level="INFO">Typing text 'Tenent-kind' into text field '//input[contains(@wfd-id,'id14')]'.</msg>
<status status="PASS" starttime="20230818 02:53:24.543" endtime="20230818 02:53:24.594"/>
</kw>
<kw name="Click Random Option" library="resource">
<var>${clicked_option}</var>
<arg>${Smoke}</arg>
<arg>${AltSmoke}</arg>
<kw name="Evaluate" library="BuiltIn">
<var>${chosen_locator}</var>
<arg>random.choice([$locator1, $locator2])</arg>
<doc>Evaluates the given expression in Python and returns the result.</doc>
<msg timestamp="20230818 02:53:24.595" level="INFO">${chosen_locator} = //label[@class='oxd-label'][contains(.,'Smoker')]</msg>
<status status="PASS" starttime="20230818 02:53:24.595" endtime="20230818 02:53:24.595"/>
</kw>
<kw name="Click Element" library="SeleniumLibrary">
<arg>${chosen_locator}</arg>
<doc>Click the element identified by ``locator``.</doc>
<msg timestamp="20230818 02:53:24.597" level="INFO">Clicking element '//label[@class='oxd-label'][contains(.,'Smoker')]'.</msg>
<status status="PASS" starttime="20230818 02:53:24.595" endtime="20230818 02:53:24.627"/>
</kw>
<msg timestamp="20230818 02:53:24.628" level="INFO">${clicked_option} = //label[@class='oxd-label'][contains(.,'Smoker')]</msg>
<status status="PASS" starttime="20230818 02:53:24.595" endtime="20230818 02:53:24.628"/>
</kw>
<kw name="Click Element" library="SeleniumLibrary">
<arg>${Save1}</arg>
<doc>Click the element identified by ``locator``.</doc>
<msg timestamp="20230818 02:53:24.628" level="INFO">Clicking element '(//button[@type='submit'][contains(.,'Save')])[1]'.</msg>
<status status="PASS" starttime="20230818 02:53:24.628" endtime="20230818 02:53:24.662"/>
</kw>
<kw name="Validar quando save e clicado" library="resource">
<kw name="Wait Until Element Is Visible" library="SeleniumLibrary">
<arg>${Confirmation_save}</arg>
<doc>Waits until the element ``locator`` is visible.</doc>
<status status="PASS" starttime="20230818 02:53:24.663" endtime="20230818 02:53:25.119"/>
</kw>
<kw name="Log" library="BuiltIn">
<arg>Keyword executed successfully</arg>
<doc>Logs the given message with the given level.</doc>
<msg timestamp="20230818 02:53:25.119" level="INFO">Keyword executed successfully</msg>
<status status="PASS" starttime="20230818 02:53:25.119" endtime="20230818 02:53:25.119"/>
</kw>
<status status="PASS" starttime="20230818 02:53:24.663" endtime="20230818 02:53:25.120"/>
</kw>
<kw name="Scroll Element Into View" library="SeleniumLibrary">
<arg>${BloodType}</arg>
<doc>Scrolls the element identified by ``locator`` into view.</doc>
<status status="PASS" starttime="20230818 02:53:25.120" endtime="20230818 02:53:25.405"/>
</kw>
<kw name="Click Element" library="SeleniumLibrary">
<arg>${BloodType}</arg>
<doc>Click the element identified by ``locator``.</doc>
<msg timestamp="20230818 02:53:25.405" level="INFO">Clicking element '//label[@class='oxd-label'][contains(.,'Blood Type')]'.</msg>
<status status="PASS" starttime="20230818 02:53:25.405" endtime="20230818 02:53:25.429"/>
</kw>
<kw name="Press Tab Key" library="press_tab">
<status status="PASS" starttime="20230818 02:53:25.430" endtime="20230818 02:53:25.546"/>
</kw>
<kw name="Scroll Element Into View" library="SeleniumLibrary">
<arg>${OrangeHRM}</arg>
<doc>Scrolls the element identified by ``locator`` into view.</doc>
<status status="PASS" starttime="20230818 02:53:25.546" endtime="20230818 02:53:25.815"/>
</kw>
<kw name="Random Choices" library="FakerLibrary">
<var>${random_element}</var>
<arg>elements=('a', 'b', 'o')</arg>
<doc>Generate a list of objects randomly sampled from ``elements`` with replacement.</doc>
<msg timestamp="20230818 02:53:25.816" level="INFO">${random_element} = ['b', 'b', 'o']</msg>
<status status="PASS" starttime="20230818 02:53:25.816" endtime="20230818 02:53:25.816"/>
</kw>
<kw name="Log" library="BuiltIn">
<arg>Chosen element: ${random_element}</arg>
<doc>Logs the given message with the given level.</doc>
<msg timestamp="20230818 02:53:25.817" level="INFO">Chosen element: ['b', 'b', 'o']</msg>
<status status="PASS" starttime="20230818 02:53:25.817" endtime="20230818 02:53:25.818"/>
</kw>
<kw name="Sleep" library="BuiltIn">
<arg>3</arg>
<doc>Pauses the test executed for the given time.</doc>
<msg timestamp="20230818 02:53:28.827" level="INFO">Slept 3 seconds</msg>
<status status="PASS" starttime="20230818 02:53:25.818" endtime="20230818 02:53:28.828"/>
</kw>
<kw name="Press Keys" library="SeleniumLibrary">
<arg>NONE</arg>
<arg>${random_element}</arg>
<doc>Simulates the user pressing key(s) to an element or on the active browser.</doc>
<msg timestamp="20230818 02:53:28.829" level="INFO">Sending key(s) ("['b', 'b', 'o']",) to page.</msg>
<msg timestamp="20230818 02:53:28.829" level="INFO">Sending keys ['b', 'b', 'o']</msg>
<status status="PASS" starttime="20230818 02:53:28.828" endtime="20230818 02:53:28.848"/>
</kw>
<kw name="Press Enter Key" library="press_tab">
<status status="PASS" starttime="20230818 02:53:28.848" endtime="20230818 02:53:28.953"/>
</kw>
<kw name="Click Element" library="SeleniumLibrary">
<arg>${Save2}</arg>
<doc>Click the element identified by ``locator``.</doc>
<msg timestamp="20230818 02:53:28.953" level="INFO">Clicking element '(//button[@type='submit'][contains(.,'Save')])[2]'.</msg>
<status status="PASS" starttime="20230818 02:53:28.953" endtime="20230818 02:53:28.984"/>
</kw>
<kw name="Validar quando save e clicado" library="resource">
<kw name="Wait Until Element Is Visible" library="SeleniumLibrary">
<arg>${Confirmation_save}</arg>
<doc>Waits until the element ``locator`` is visible.</doc>
<status status="PASS" starttime="20230818 02:53:28.985" endtime="20230818 02:53:29.433"/>
</kw>
<kw name="Log" library="BuiltIn">
<arg>Keyword executed successfully</arg>
<doc>Logs the given message with the given level.</doc>
<msg timestamp="20230818 02:53:29.434" level="INFO">Keyword executed successfully</msg>
<status status="PASS" starttime="20230818 02:53:29.434" endtime="20230818 02:53:29.434"/>
</kw>
<status status="PASS" starttime="20230818 02:53:28.985" endtime="20230818 02:53:29.435"/>
</kw>
<status status="PASS" starttime="20230818 02:53:17.097" endtime="20230818 02:53:29.435"/>
</kw>
<status status="PASS" starttime="20230818 02:52:33.980" endtime="20230818 02:53:29.435"/>
</kw>
<kw name="Então Realizo a add de um anexo" library="resource">
<kw name="Wait Until Element Is Visible" library="SeleniumLibrary">
<arg>${Anexos}</arg>
<doc>Waits until the element ``locator`` is visible.</doc>
<status status="PASS" starttime="20230818 02:53:29.436" endtime="20230818 02:53:29.450"/>
</kw>
<kw name="Click Element" library="SeleniumLibrary">
<arg>${Anexos}</arg>
<doc>Click the element identified by ``locator``.</doc>
<msg timestamp="20230818 02:53:29.450" level="INFO">Clicking element '//button[@type='button'][contains(.,'Add')]'.</msg>
<status status="PASS" starttime="20230818 02:53:29.450" endtime="20230818 02:53:29.484"/>
</kw>
<kw name="Sleep" library="BuiltIn">
<arg>2</arg>
<doc>Pauses the test executed for the given time.</doc>
<msg timestamp="20230818 02:53:31.492" level="INFO">Slept 2 seconds</msg>
<status status="PASS" starttime="20230818 02:53:29.485" endtime="20230818 02:53:31.492"/>
</kw>
<kw name="Click Element" library="SeleniumLibrary">
<arg>${Browse}</arg>
<doc>Click the element identified by ``locator``.</doc>
<msg timestamp="20230818 02:53:31.493" level="INFO">Clicking element '//div[@class='oxd-file-button'][contains(.,'Browse')]'.</msg>
<status status="PASS" starttime="20230818 02:53:31.492" endtime="20230818 02:53:31.524"/>
</kw>
<kw name="Upload File" library="press_tab">
<status status="PASS" starttime="20230818 02:53:31.525" endtime="20230818 02:54:03.441"/>
</kw>
<kw name="Scroll Element Into View" library="SeleniumLibrary">
<arg>${OrangeHRM}</arg>
<doc>Scrolls the element identified by ``locator`` into view.</doc>
<status status="PASS" starttime="20230818 02:54:03.441" endtime="20230818 02:54:03.709"/>
</kw>
<kw name="Click Element" library="SeleniumLibrary">
<arg>${Coment}</arg>
<doc>Click the element identified by ``locator``.</doc>
<msg timestamp="20230818 02:54:03.709" level="INFO">Clicking element '//textarea[@placeholder='Type comment here']'.</msg>
<status status="PASS" starttime="20230818 02:54:03.709" endtime="20230818 02:54:03.741"/>
</kw>
<kw name="Sleep" library="BuiltIn">
<arg>2</arg>
<doc>Pauses the test executed for the given time.</doc>
<msg timestamp="20230818 02:54:05.749" level="INFO">Slept 2 seconds</msg>
<status status="PASS" starttime="20230818 02:54:03.741" endtime="20230818 02:54:05.749"/>
</kw>
<kw name="Word" library="FakerLibrary">
<var>${PALAVRAFAKE}</var>
<doc>Generate a word.</doc>
<msg timestamp="20230818 02:54:05.751" level="INFO">${PALAVRAFAKE} = though</msg>
<status status="PASS" starttime="20230818 02:54:05.750" endtime="20230818 02:54:05.751"/>
</kw>
<kw name="Input Text" library="SeleniumLibrary">
<arg>${Coment}</arg>
<arg>${PALAVRAFAKE} -</arg>
<doc>Types the given ``text`` into the text field identified by ``locator``.</doc>
<msg timestamp="20230818 02:54:05.752" level="INFO">Typing text 'though -' into text field '//textarea[@placeholder='Type comment here']'.</msg>
<status status="PASS" starttime="20230818 02:54:05.751" endtime="20230818 02:54:05.799"/>
</kw>
<kw name="Word" library="FakerLibrary">
<var>${PALAVRAFAKE}</var>
<doc>Generate a word.</doc>
<msg timestamp="20230818 02:54:05.800" level="INFO">${PALAVRAFAKE} = market</msg>
<status status="PASS" starttime="20230818 02:54:05.800" endtime="20230818 02:54:05.800"/>
</kw>
<kw name="Input Text" library="SeleniumLibrary">
<arg>${Coment}</arg>
<arg>${PALAVRAFAKE}</arg>
<doc>Types the given ``text`` into the text field identified by ``locator``.</doc>
<msg timestamp="20230818 02:54:05.800" level="INFO">Typing text 'market' into text field '//textarea[@placeholder='Type comment here']'.</msg>
<status status="PASS" starttime="20230818 02:54:05.800" endtime="20230818 02:54:05.867"/>
</kw>
<kw name="Click Button" library="SeleniumLibrary">
<arg>${Save3}</arg>
<doc>Clicks the button identified by ``locator``.</doc>
<msg timestamp="20230818 02:54:05.868" level="INFO">Clicking button '(//button[@type='submit'][contains(.,'Save')])[3]'.</msg>
<status status="PASS" starttime="20230818 02:54:05.868" endtime="20230818 02:54:05.910"/>
</kw>
<kw name="Validar quando save e clicado" library="resource">
<kw name="Wait Until Element Is Visible" library="SeleniumLibrary">
<arg>${Confirmation_save}</arg>
<doc>Waits until the element ``locator`` is visible.</doc>
<status status="PASS" starttime="20230818 02:54:05.910" endtime="20230818 02:54:06.823"/>
</kw>
<kw name="Log" library="BuiltIn">
<arg>Keyword executed successfully</arg>
<doc>Logs the given message with the given level.</doc>
<msg timestamp="20230818 02:54:06.823" level="INFO">Keyword executed successfully</msg>
<status status="PASS" starttime="20230818 02:54:06.823" endtime="20230818 02:54:06.823"/>
</kw>
<status status="PASS" starttime="20230818 02:54:05.910" endtime="20230818 02:54:06.824"/>
</kw>
<status status="PASS" starttime="20230818 02:53:29.436" endtime="20230818 02:54:06.824"/>
</kw>
<kw name="Todos os saves foram clicados" library="resource">
<kw name="Validar quando save e clicado" library="resource">
<var>${status}</var>
<kw name="Wait Until Element Is Visible" library="SeleniumLibrary">
<arg>${Confirmation_save}</arg>
<doc>Waits until the element ``locator`` is visible.</doc>
<status status="PASS" starttime="20230818 02:54:06.827" endtime="20230818 02:54:06.843"/>
</kw>
<kw name="Log" library="BuiltIn">
<arg>Keyword executed successfully</arg>
<doc>Logs the given message with the given level.</doc>
<msg timestamp="20230818 02:54:06.844" level="INFO">Keyword executed successfully</msg>
<status status="PASS" starttime="20230818 02:54:06.843" endtime="20230818 02:54:06.844"/>
</kw>
<msg timestamp="20230818 02:54:06.844" level="INFO">${status} = SUCCESS</msg>
<status status="PASS" starttime="20230818 02:54:06.826" endtime="20230818 02:54:06.844"/>
</kw>
<kw name="Should Be Equal As Strings" library="BuiltIn">
<arg>${status}</arg>
<arg>SUCCESS</arg>
<doc>Fails if objects are unequal after converting them to strings.</doc>
<status status="PASS" starttime="20230818 02:54:06.844" endtime="20230818 02:54:06.845"/>
</kw>
<status status="PASS" starttime="20230818 02:54:06.825" endtime="20230818 02:54:06.845"/>
</kw>
<kw name="Sleep" library="BuiltIn">
<arg>10</arg>
<doc>Pauses the test executed for the given time.</doc>
<msg timestamp="20230818 02:54:16.855" level="INFO">Slept 10 seconds</msg>
<status status="PASS" starttime="20230818 02:54:06.846" endtime="20230818 02:54:16.856"/>
</kw>
<kw name="Fechar o navegador" library="resource" type="TEARDOWN">
<kw name="Close Browser" library="SeleniumLibrary">
<doc>Closes the current browser.</doc>
<status status="PASS" starttime="20230818 02:54:16.858" endtime="20230818 02:54:18.973"/>
</kw>
<status status="PASS" starttime="20230818 02:54:16.857" endtime="20230818 02:54:18.973"/>
</kw>
<tag>Login</tag>
<status status="PASS" starttime="20230818 02:52:24.471" endtime="20230818 02:54:18.974"/>
</test>
<doc>Essa suite testa o login</doc>
<status status="PASS" starttime="20230818 02:52:23.912" endtime="20230818 02:54:18.976"/>
</suite>
<statistics>
<total>
<stat pass="1" fail="0" skip="0">All Tests</stat>
</total>
<tag>
<stat pass="1" fail="0" skip="0">Login</stat>
</tag>
<suite>
<stat pass="1" fail="0" skip="0" id="s1" name="Testmyinfo">Testmyinfo</stat>
</suite>
</statistics>
<errors>
</errors>
</robot>
