<?xml version="1.0" encoding="UTF-8"?>
<robot generator="Robot 5.0.1 (Python 3.8.2 on win32)" generated="20230818 02:02:03.557" rpa="false" schemaversion="3">
<suite id="s1" name="Testmyinfo" source="c:\Users\bruno\Documents\Desafio tech Prime\TestCase\testmyinfo.robot">
<kw name="Configurar TIMEOUT" library="resource" type="SETUP">
<kw name="Set Selenium Timeout" library="SeleniumLibrary">
<arg>${TIMEOUT}</arg>
<doc>Sets the timeout that is used by various keywords.</doc>
<status status="PASS" starttime="20230818 02:02:04.100" endtime="20230818 02:02:04.100"/>
</kw>
<kw name="Set Selenium Implicit Wait" library="SeleniumLibrary">
<arg>${TIMEOUT}</arg>
<doc>Sets the implicit wait value used by Selenium.</doc>
<status status="PASS" starttime="20230818 02:02:04.100" endtime="20230818 02:02:04.100"/>
</kw>
<status status="PASS" starttime="20230818 02:02:04.099" endtime="20230818 02:02:04.101"/>
</kw>
<test id="s1-t1" name="Cenário: Login bem sucedido" line="12">
<kw name="Abrir o navegador" library="resource" type="SETUP">
<kw name="Open Browser" library="SeleniumLibrary">
<arg>browser=chrome</arg>
<doc>Opens a new browser instance to the optional ``url``.</doc>
<msg timestamp="20230818 02:02:04.102" level="INFO">Opening browser 'chrome' to base url 'None'.</msg>
<status status="PASS" starttime="20230818 02:02:04.102" endtime="20230818 02:02:05.159"/>
</kw>
<kw name="Maximize Browser Window" library="SeleniumLibrary">
<doc>Maximizes current browser window.</doc>
<status status="PASS" starttime="20230818 02:02:05.159" endtime="20230818 02:02:05.274"/>
</kw>
<status status="PASS" starttime="20230818 02:02:04.101" endtime="20230818 02:02:05.275"/>
</kw>
<kw name="Dado que o usuário esteja no site" library="resource">
<kw name="Dado que estou na página de login" library="resource">
<kw name="Go To" library="SeleniumLibrary">
<arg>${URL}</arg>
<doc>Navigates the current browser window to the provided ``url``.</doc>
<msg timestamp="20230818 02:02:05.277" level="INFO">Opening url 'https://opensource-demo.orangehrmlive.com/web/index.php/auth/login'</msg>
<status status="PASS" starttime="20230818 02:02:05.276" endtime="20230818 02:02:09.742"/>
</kw>
<status status="PASS" starttime="20230818 02:02:05.276" endtime="20230818 02:02:09.742"/>
</kw>
<kw name="E preencho login e senha" library="resource">
<kw name="Input Text" library="SeleniumLibrary">
<arg>${Login}</arg>
<arg>Admin</arg>
<doc>Types the given ``text`` into the text field identified by ``locator``.</doc>
<msg timestamp="20230818 02:02:09.743" level="INFO">Typing text 'Admin' into text field '//input[contains(@name,'username')]'.</msg>
<status status="PASS" starttime="20230818 02:02:09.743" endtime="20230818 02:02:10.350"/>
</kw>
<kw name="Input Text" library="SeleniumLibrary">
<arg>${Password}</arg>
<arg>admin123</arg>
<doc>Types the given ``text`` into the text field identified by ``locator``.</doc>
<msg timestamp="20230818 02:02:10.351" level="INFO">Typing text 'admin123' into text field '//input[contains(@type,'password')]'.</msg>
<status status="PASS" starttime="20230818 02:02:10.351" endtime="20230818 02:02:10.409"/>
</kw>
<status status="PASS" starttime="20230818 02:02:09.743" endtime="20230818 02:02:10.410"/>
</kw>
<kw name="E clique no botão de login" library="resource">
<kw name="Click Element" library="SeleniumLibrary">
<arg>${BTN_Login}</arg>
<doc>Click the element identified by ``locator``.</doc>
<msg timestamp="20230818 02:02:10.410" level="INFO">Clicking element '//button[@type='submit'][contains(.,'Login')]'.</msg>
<status status="PASS" starttime="20230818 02:02:10.410" endtime="20230818 02:02:10.456"/>
</kw>
<kw name="Sleep" library="BuiltIn">
<arg>3</arg>
<doc>Pauses the test executed for the given time.</doc>
<msg timestamp="20230818 02:02:13.470" level="INFO">Slept 3 seconds</msg>
<status status="PASS" starttime="20230818 02:02:10.457" endtime="20230818 02:02:13.470"/>
</kw>
<status status="PASS" starttime="20230818 02:02:10.410" endtime="20230818 02:02:13.470"/>
</kw>
<status status="PASS" starttime="20230818 02:02:05.276" endtime="20230818 02:02:13.471"/>
</kw>
<kw name="Quando clico em My Info" library="resource">
<kw name="Click Element" library="SeleniumLibrary">
<arg>${BTN_MyInfo}</arg>
<doc>Click the element identified by ``locator``.</doc>
<msg timestamp="20230818 02:02:13.472" level="INFO">Clicking element '//span[@class='oxd-text oxd-text--span oxd-main-menu-item--name'][contains(.,'My Info')]'.</msg>
<status status="PASS" starttime="20230818 02:02:13.472" endtime="20230818 02:02:14.621"/>
</kw>
<status status="PASS" starttime="20230818 02:02:13.471" endtime="20230818 02:02:14.621"/>
</kw>
<kw name="E Realizo o preenchimento do campos com dados aleatórios" library="resource">
<kw name="E altero o Nome do usuario" library="resource">
<kw name="Name" library="FakerLibrary">
<var>${NOMEFAKE}</var>
<doc>:example: 'John Doe'</doc>
<msg timestamp="20230818 02:02:14.623" level="INFO">${NOMEFAKE} = Mitchell Wright</msg>
<status status="PASS" starttime="20230818 02:02:14.623" endtime="20230818 02:02:14.623"/>
</kw>
<kw name="Sleep" library="BuiltIn">
<arg>2</arg>
<doc>Pauses the test executed for the given time.</doc>
<msg timestamp="20230818 02:02:16.636" level="INFO">Slept 2 seconds</msg>
<status status="PASS" starttime="20230818 02:02:14.623" endtime="20230818 02:02:16.636"/>
</kw>
<kw name="Click Element" library="SeleniumLibrary">
<arg>${Name}</arg>
<doc>Click the element identified by ``locator``.</doc>
<msg timestamp="20230818 02:02:16.637" level="INFO">Clicking element 'name=firstName'.</msg>
<status status="PASS" starttime="20230818 02:02:16.636" endtime="20230818 02:02:16.678"/>
</kw>
<kw name="Press Backspace Key" library="press_tab">
<status status="PASS" starttime="20230818 02:02:16.679" endtime="20230818 02:02:19.740"/>
</kw>
<kw name="Sleep" library="BuiltIn">
<arg>2</arg>
<doc>Pauses the test executed for the given time.</doc>
<msg timestamp="20230818 02:02:21.743" level="INFO">Slept 2 seconds</msg>
<status status="PASS" starttime="20230818 02:02:19.740" endtime="20230818 02:02:21.743"/>
</kw>
<kw name="Input Text" library="SeleniumLibrary">
<arg>${Name}</arg>
<arg>${NOMEFAKE}</arg>
<doc>Types the given ``text`` into the text field identified by ``locator``.</doc>
<msg timestamp="20230818 02:02:21.744" level="INFO">Typing text 'Mitchell Wright' into text field 'name=firstName'.</msg>
<status status="PASS" starttime="20230818 02:02:21.743" endtime="20230818 02:02:21.818"/>
</kw>
<kw name="Press Tab Key" library="press_tab">
<status status="PASS" starttime="20230818 02:02:21.818" endtime="20230818 02:02:21.931"/>
</kw>
<kw name="Name" library="FakerLibrary">
<var>${NOMEFAKE}</var>
<doc>:example: 'John Doe'</doc>
<msg timestamp="20230818 02:02:21.932" level="INFO">${NOMEFAKE} = Gregory Chavez</msg>
<status status="PASS" starttime="20230818 02:02:21.931" endtime="20230818 02:02:21.932"/>
</kw>
<kw name="Press Backspace Key" library="press_tab">
<status status="PASS" starttime="20230818 02:02:21.932" endtime="20230818 02:02:24.984"/>
</kw>
<kw name="Input Text" library="SeleniumLibrary">
<arg>${MiddleName}</arg>
<arg>${NOMEFAKE}</arg>
<doc>Types the given ``text`` into the text field identified by ``locator``.</doc>
<msg timestamp="20230818 02:02:24.985" level="INFO">Typing text 'Gregory Chavez' into text field 'name=middleName'.</msg>
<status status="PASS" starttime="20230818 02:02:24.984" endtime="20230818 02:02:25.049"/>
</kw>
<kw name="Name" library="FakerLibrary">
<var>${NOMEFAKE}</var>
<doc>:example: 'John Doe'</doc>
<msg timestamp="20230818 02:02:25.050" level="INFO">${NOMEFAKE} = Mark Orr</msg>
<status status="PASS" starttime="20230818 02:02:25.049" endtime="20230818 02:02:25.050"/>
</kw>
<kw name="Input Text" library="SeleniumLibrary">
<arg>${LastName}</arg>
<arg>${NOMEFAKE}</arg>
<doc>Types the given ``text`` into the text field identified by ``locator``.</doc>
<msg timestamp="20230818 02:02:25.051" level="INFO">Typing text 'Mark Orr' into text field 'name=lastName'.</msg>
<status status="PASS" starttime="20230818 02:02:25.050" endtime="20230818 02:02:25.119"/>
</kw>
<kw name="Press Tab Key" library="press_tab">
<status status="PASS" starttime="20230818 02:02:25.119" endtime="20230818 02:02:25.222"/>
</kw>
<kw name="Word" library="FakerLibrary">
<var>${PALAVRAFAKE}</var>
<doc>Generate a word.</doc>
<msg timestamp="20230818 02:02:25.223" level="INFO">${PALAVRAFAKE} = method</msg>
<status status="PASS" starttime="20230818 02:02:25.222" endtime="20230818 02:02:25.224"/>
</kw>
<kw name="Press Backspace Key" library="press_tab">
<status status="PASS" starttime="20230818 02:02:25.224" endtime="20230818 02:02:28.262"/>
</kw>
<kw name="Input Text" library="SeleniumLibrary">
<arg>${NickName}</arg>
<arg>${PALAVRAFAKE}</arg>
<doc>Types the given ``text`` into the text field identified by ``locator``.</doc>
<msg timestamp="20230818 02:02:28.264" level="INFO">Typing text 'method' into text field '//input[contains(@wfd-id,'id4')]'.</msg>
<status status="PASS" starttime="20230818 02:02:28.263" endtime="20230818 02:02:28.323"/>
</kw>
<kw name="Sleep" library="BuiltIn">
<arg>2</arg>
<doc>Pauses the test executed for the given time.</doc>
<msg timestamp="20230818 02:02:30.339" level="INFO">Slept 2 seconds</msg>
<status status="PASS" starttime="20230818 02:02:28.324" endtime="20230818 02:02:30.339"/>
</kw>
<status status="PASS" starttime="20230818 02:02:14.622" endtime="20230818 02:02:30.339"/>
</kw>
<kw name="Quando preencho os dados de empregado" library="resource">
<kw name="Month" library="FakerLibrary">
<var>${MESFAKE}</var>
<msg timestamp="20230818 02:02:30.340" level="INFO">${MESFAKE} = 08</msg>
<status status="PASS" starttime="20230818 02:02:30.340" endtime="20230818 02:02:30.341"/>
</kw>
<kw name="Year" library="FakerLibrary">
<var>${ANOFAKE}</var>
<msg timestamp="20230818 02:02:30.341" level="INFO">${ANOFAKE} = 2011</msg>
<status status="PASS" starttime="20230818 02:02:30.341" endtime="20230818 02:02:30.341"/>
</kw>
<kw name="Day Of Week" library="FakerLibrary">
<var>${DIADASEMANAFAKE}</var>
<msg timestamp="20230818 02:02:30.341" level="INFO">${DIADASEMANAFAKE} = Sunday</msg>
<status status="PASS" starttime="20230818 02:02:30.341" endtime="20230818 02:02:30.342"/>
</kw>
<kw name="Day Of Month" library="FakerLibrary">
<var>${DIADOMESFAKE}</var>
<msg timestamp="20230818 02:02:30.342" level="INFO">${DIADOMESFAKE} = 10</msg>
<status status="PASS" starttime="20230818 02:02:30.342" endtime="20230818 02:02:30.342"/>
</kw>
<kw name="Year" library="FakerLibrary">
<var>${ANOFAKE}</var>
<msg timestamp="20230818 02:02:30.342" level="INFO">${ANOFAKE} = 2015</msg>
<status status="PASS" starttime="20230818 02:02:30.342" endtime="20230818 02:02:30.342"/>
</kw>
<kw name="Credit Card Number" library="FakerLibrary">
<var>${CARTAODECREDITOFAKE}</var>
<doc>Generate a valid credit card number.</doc>
<msg timestamp="20230818 02:02:30.343" level="INFO">${CARTAODECREDITOFAKE} = 4847155201058006</msg>
<status status="PASS" starttime="20230818 02:02:30.343" endtime="20230818 02:02:30.343"/>
</kw>
<kw name="Click Element" library="SeleniumLibrary">
<arg>${EmployId}</arg>
<doc>Click the element identified by ``locator``.</doc>
<msg timestamp="20230818 02:02:30.343" level="INFO">Clicking element '//input[contains(@wfd-id,'id5')]'.</msg>
<status status="PASS" starttime="20230818 02:02:30.343" endtime="20230818 02:02:30.379"/>
</kw>
<kw name="Press Backspace Key" library="press_tab">
<status status="PASS" starttime="20230818 02:02:30.380" endtime="20230818 02:02:33.425"/>
</kw>
<kw name="Input Text" library="SeleniumLibrary">
<arg>${EmployId}</arg>
<arg>${ANOFAKE}${ANOFAKE}</arg>
<doc>Types the given ``text`` into the text field identified by ``locator``.</doc>
<msg timestamp="20230818 02:02:33.426" level="INFO">Typing text '20152015' into text field '//input[contains(@wfd-id,'id5')]'.</msg>
<status status="PASS" starttime="20230818 02:02:33.425" endtime="20230818 02:02:33.472"/>
</kw>
<kw name="Click Element" library="SeleniumLibrary">
<arg>${OtherId}</arg>
<doc>Click the element identified by ``locator``.</doc>
<msg timestamp="20230818 02:02:33.473" level="INFO">Clicking element '//input[contains(@wfd-id,'id6')]'.</msg>
<status status="PASS" starttime="20230818 02:02:33.473" endtime="20230818 02:02:33.505"/>
</kw>
<kw name="Press Backspace Key" library="press_tab">
<status status="PASS" starttime="20230818 02:02:33.505" endtime="20230818 02:02:36.534"/>
</kw>
<kw name="Year" library="FakerLibrary">
<var>${ANOFAKE}</var>
<msg timestamp="20230818 02:02:36.536" level="INFO">${ANOFAKE} = 1970</msg>
<status status="PASS" starttime="20230818 02:02:36.535" endtime="20230818 02:02:36.536"/>
</kw>
<kw name="Input Text" library="SeleniumLibrary">
<arg>${OtherId}</arg>
<arg>${ANOFAKE}${ANOFAKE}</arg>
<doc>Types the given ``text`` into the text field identified by ``locator``.</doc>
<msg timestamp="20230818 02:02:36.537" level="INFO">Typing text '19701970' into text field '//input[contains(@wfd-id,'id6')]'.</msg>
<status status="PASS" starttime="20230818 02:02:36.536" endtime="20230818 02:02:36.587"/>
</kw>
<kw name="Click Element" library="SeleniumLibrary">
<arg>${DriverLicense}</arg>
<doc>Click the element identified by ``locator``.</doc>
<msg timestamp="20230818 02:02:36.587" level="INFO">Clicking element '//input[contains(@wfd-id,'id7')]'.</msg>
<status status="PASS" starttime="20230818 02:02:36.587" endtime="20230818 02:02:36.621"/>
</kw>
<kw name="Press Backspace Key" library="press_tab">
<status status="PASS" starttime="20230818 02:02:36.621" endtime="20230818 02:02:39.684"/>
</kw>
<kw name="Year" library="FakerLibrary">
<var>${ANOFAKE}</var>
<msg timestamp="20230818 02:02:39.685" level="INFO">${ANOFAKE} = 2001</msg>
<status status="PASS" starttime="20230818 02:02:39.684" endtime="20230818 02:02:39.685"/>
</kw>
<kw name="Input Text" library="SeleniumLibrary">
<arg>${DriverLicense}</arg>
<arg>${ANOFAKE}${ANOFAKE}${ANOFAKE}$</arg>
<doc>Types the given ``text`` into the text field identified by ``locator``.</doc>
<msg timestamp="20230818 02:02:39.687" level="INFO">Typing text '200120012001$' into text field '//input[contains(@wfd-id,'id7')]'.</msg>
<status status="PASS" starttime="20230818 02:02:39.686" endtime="20230818 02:02:39.758"/>
</kw>
<kw name="Click Element" library="SeleniumLibrary">
<arg>${LicenseDate}</arg>
<doc>Click the element identified by ``locator``.</doc>
<msg timestamp="20230818 02:02:39.759" level="INFO">Clicking element '//input[contains(@wfd-id,'id8')]'.</msg>
<status status="PASS" starttime="20230818 02:02:39.759" endtime="20230818 02:02:39.803"/>
</kw>
<kw name="Press Backspace Key" library="press_tab">
<status status="PASS" starttime="20230818 02:02:39.803" endtime="20230818 02:02:42.855"/>
</kw>
<kw name="Year" library="FakerLibrary">
<var>${ANOFAKE}</var>
<msg timestamp="20230818 02:02:42.857" level="INFO">${ANOFAKE} = 1985</msg>
<status status="PASS" starttime="20230818 02:02:42.856" endtime="20230818 02:02:42.858"/>
</kw>
<kw name="Input Text" library="SeleniumLibrary">
<arg>${LicenseDate}</arg>
<arg>${ANOFAKE}-${MESFAKE}-${DIADOMESFAKE}</arg>
<doc>Types the given ``text`` into the text field identified by ``locator``.</doc>
<msg timestamp="20230818 02:02:42.860" level="INFO">Typing text '1985-08-10' into text field '//input[contains(@wfd-id,'id8')]'.</msg>
<status status="PASS" starttime="20230818 02:02:42.858" endtime="20230818 02:02:42.927"/>
</kw>
<kw name="Click Element" library="SeleniumLibrary">
<arg>${SsnNumber}</arg>
<doc>Click the element identified by ``locator``.</doc>
<msg timestamp="20230818 02:02:42.927" level="INFO">Clicking element '//input[contains(@wfd-id,'id9')]'.</msg>
<status status="PASS" starttime="20230818 02:02:42.927" endtime="20230818 02:02:42.962"/>
</kw>
<kw name="Press Backspace Key" library="press_tab">
<status status="PASS" starttime="20230818 02:02:42.963" endtime="20230818 02:02:46.017"/>
</kw>
<kw name="Input Text" library="SeleniumLibrary">
<arg>${SsnNumber}</arg>
<arg>${CARTAODECREDITOFAKE}</arg>
<doc>Types the given ``text`` into the text field identified by ``locator``.</doc>
<msg timestamp="20230818 02:02:46.019" level="INFO">Typing text '4847155201058006' into text field '//input[contains(@wfd-id,'id9')]'.</msg>
<status status="PASS" starttime="20230818 02:02:46.018" endtime="20230818 02:02:46.082"/>
</kw>
<kw name="Click Element" library="SeleniumLibrary">
<arg>${SimNumber}</arg>
<doc>Click the element identified by ``locator``.</doc>
<msg timestamp="20230818 02:02:46.083" level="INFO">Clicking element '//input[contains(@wfd-id,'id10')]'.</msg>
<status status="PASS" starttime="20230818 02:02:46.082" endtime="20230818 02:02:46.114"/>
</kw>
<kw name="Credit Card Number" library="FakerLibrary">
<var>${CARTAODECREDITOFAKE}</var>
<doc>Generate a valid credit card number.</doc>
<msg timestamp="20230818 02:02:46.114" level="INFO">${CARTAODECREDITOFAKE} = 6011070741362880</msg>
<status status="PASS" starttime="20230818 02:02:46.114" endtime="20230818 02:02:46.115"/>
</kw>
<kw name="Press Backspace Key" library="press_tab">
<status status="PASS" starttime="20230818 02:02:46.115" endtime="20230818 02:02:49.150"/>
</kw>
<kw name="Input Text" library="SeleniumLibrary">
<arg>${SimNumber}</arg>
<arg>${CARTAODECREDITOFAKE}</arg>
<doc>Types the given ``text`` into the text field identified by ``locator``.</doc>
<msg timestamp="20230818 02:02:49.152" level="INFO">Typing text '6011070741362880' into text field '//input[contains(@wfd-id,'id10')]'.</msg>
<status status="PASS" starttime="20230818 02:02:49.151" endtime="20230818 02:02:49.222"/>
</kw>
<kw name="Sleep" library="BuiltIn">
<arg>5</arg>
<doc>Pauses the test executed for the given time.</doc>
<msg timestamp="20230818 02:02:54.226" level="INFO">Slept 5 seconds</msg>
<status status="PASS" starttime="20230818 02:02:49.222" endtime="20230818 02:02:54.226"/>
</kw>
<kw name="Scroll Element Into View" library="SeleniumLibrary">
<arg>${MilitaryServiceLabel}</arg>
<doc>Scrolls the element identified by ``locator`` into view.</doc>
<status status="PASS" starttime="20230818 02:02:54.226" endtime="20230818 02:02:54.508"/>
</kw>
<status status="PASS" starttime="20230818 02:02:30.340" endtime="20230818 02:02:54.509"/>
</kw>
<kw name="E depois preencho o resto dos dados" library="resource">
<kw name="Month" library="FakerLibrary">
<var>${MESFAKE}</var>
<msg timestamp="20230818 02:02:54.511" level="INFO">${MESFAKE} = 04</msg>
<status status="PASS" starttime="20230818 02:02:54.510" endtime="20230818 02:02:54.511"/>
</kw>
<kw name="Year" library="FakerLibrary">
<var>${ANOFAKE}</var>
<msg timestamp="20230818 02:02:54.512" level="INFO">${ANOFAKE} = 2014</msg>
<status status="PASS" starttime="20230818 02:02:54.511" endtime="20230818 02:02:54.512"/>
</kw>
<kw name="Day Of Week" library="FakerLibrary">
<var>${DIADASEMANAFAKE}</var>
<msg timestamp="20230818 02:02:54.513" level="INFO">${DIADASEMANAFAKE} = Wednesday</msg>
<status status="PASS" starttime="20230818 02:02:54.512" endtime="20230818 02:02:54.513"/>
</kw>
<kw name="Day Of Month" library="FakerLibrary">
<var>${DIADOMESFAKE}</var>
<msg timestamp="20230818 02:02:54.514" level="INFO">${DIADOMESFAKE} = 23</msg>
<status status="PASS" starttime="20230818 02:02:54.513" endtime="20230818 02:02:54.514"/>
</kw>
<kw name="Year" library="FakerLibrary">
<var>${ANOFAKE}</var>
<msg timestamp="20230818 02:02:54.515" level="INFO">${ANOFAKE} = 1983</msg>
<status status="PASS" starttime="20230818 02:02:54.514" endtime="20230818 02:02:54.515"/>
</kw>
<kw name="City" library="FakerLibrary">
<var>${CIDADEFAKE}</var>
<doc>:example: 'Sashabury'</doc>
<msg timestamp="20230818 02:02:54.516" level="INFO">${CIDADEFAKE} = Fowlerbury</msg>
<status status="PASS" starttime="20230818 02:02:54.515" endtime="20230818 02:02:54.517"/>
</kw>
<kw name="Word" library="FakerLibrary">
<var>${PALAVRAFAKE}</var>
<doc>Generate a word.</doc>
<msg timestamp="20230818 02:02:54.518" level="INFO">${PALAVRAFAKE} = among</msg>
<status status="PASS" starttime="20230818 02:02:54.517" endtime="20230818 02:02:54.518"/>
</kw>
<kw name="Click Element" library="SeleniumLibrary">
<arg>${Nationality}</arg>
<doc>Click the element identified by ``locator``.</doc>
<msg timestamp="20230818 02:02:54.519" level="INFO">Clicking element '//label[@class='oxd-label'][contains(.,'Nationality')]'.</msg>
<status status="PASS" starttime="20230818 02:02:54.518" endtime="20230818 02:02:54.558"/>
</kw>
<kw name="Press Tab Key" library="press_tab">
<status status="PASS" starttime="20230818 02:02:54.558" endtime="20230818 02:02:54.664"/>
</kw>
<kw name="Press Keys" library="SeleniumLibrary">
<arg>NONE</arg>
<arg>${PALAVRAFAKE}</arg>
<doc>Simulates the user pressing key(s) to an element or on the active browser.</doc>
<msg timestamp="20230818 02:02:54.666" level="INFO">Sending key(s) ('among',) to page.</msg>
<msg timestamp="20230818 02:02:54.666" level="INFO">Sending keys among</msg>
<status status="PASS" starttime="20230818 02:02:54.665" endtime="20230818 02:02:54.701"/>
</kw>
<kw name="Click Element" library="SeleniumLibrary">
<arg>${MaritalStatus}</arg>
<doc>Click the element identified by ``locator``.</doc>
<msg timestamp="20230818 02:02:54.702" level="INFO">Clicking element '//label[@class='oxd-label'][contains(.,'Marital Status')]'.</msg>
<status status="PASS" starttime="20230818 02:02:54.701" endtime="20230818 02:02:54.731"/>
</kw>
<kw name="Press Tab Key" library="press_tab">
<status status="PASS" starttime="20230818 02:02:54.731" endtime="20230818 02:02:54.834"/>
</kw>
<kw name="Press Down Arrow Key" library="press_tab">
<status status="PASS" starttime="20230818 02:02:54.834" endtime="20230818 02:02:54.944"/>
</kw>
<kw name="Press Enter Key" library="press_tab">
<status status="PASS" starttime="20230818 02:02:54.945" endtime="20230818 02:02:55.053"/>
</kw>
<kw name="Scroll Element Into View" library="SeleniumLibrary">
<arg>${BloodType}</arg>
<doc>Scrolls the element identified by ``locator`` into view.</doc>
<status status="PASS" starttime="20230818 02:02:55.054" endtime="20230818 02:02:55.349"/>
</kw>
<kw name="Click Element" library="SeleniumLibrary">
<arg>${BloodType}</arg>
<doc>Click the element identified by ``locator``.</doc>
<msg timestamp="20230818 02:02:55.350" level="INFO">Clicking element '//label[@class='oxd-label'][contains(.,'Blood Type')]'.</msg>
<status status="PASS" starttime="20230818 02:02:55.349" endtime="20230818 02:02:55.376"/>
</kw>
<kw name="Click Element" library="SeleniumLibrary">
<arg>${BirthDate}</arg>
<doc>Click the element identified by ``locator``.</doc>
<msg timestamp="20230818 02:02:55.377" level="INFO">Clicking element '//input[contains(@wfd-id,'id11')]'.</msg>
<status status="PASS" starttime="20230818 02:02:55.376" endtime="20230818 02:02:55.416"/>
</kw>
<kw name="Press Backspace Key" library="press_tab">
<status status="PASS" starttime="20230818 02:02:55.417" endtime="20230818 02:02:58.459"/>
</kw>
<kw name="Year" library="FakerLibrary">
<var>${ANOFAKE}</var>
<msg timestamp="20230818 02:02:58.460" level="INFO">${ANOFAKE} = 1999</msg>
<status status="PASS" starttime="20230818 02:02:58.459" endtime="20230818 02:02:58.460"/>
</kw>
<kw name="Input Text" library="SeleniumLibrary">
<arg>${BirthDate}</arg>
<arg>${ANOFAKE}-${MESFAKE}-${DIADOMESFAKE}</arg>
<doc>Types the given ``text`` into the text field identified by ``locator``.</doc>
<msg timestamp="20230818 02:02:58.461" level="INFO">Typing text '1999-04-23' into text field '//input[contains(@wfd-id,'id11')]'.</msg>
<status status="PASS" starttime="20230818 02:02:58.461" endtime="20230818 02:02:58.509"/>
</kw>
<kw name="Click Random Option" library="resource">
<var>${clicked_option}</var>
<arg>${Male}</arg>
<arg>${Female}</arg>
<kw name="Evaluate" library="BuiltIn">
<var>${chosen_locator}</var>
<arg>random.choice([$locator1, $locator2])</arg>
<doc>Evaluates the given expression in Python and returns the result.</doc>
<msg timestamp="20230818 02:02:58.514" level="INFO">${chosen_locator} = //label[contains(.,'Female')]</msg>
<status status="PASS" starttime="20230818 02:02:58.510" endtime="20230818 02:02:58.514"/>
</kw>
<kw name="Click Element" library="SeleniumLibrary">
<arg>${chosen_locator}</arg>
<doc>Click the element identified by ``locator``.</doc>
<msg timestamp="20230818 02:02:58.515" level="INFO">Clicking element '//label[contains(.,'Female')]'.</msg>
<status status="PASS" starttime="20230818 02:02:58.514" endtime="20230818 02:02:58.547"/>
</kw>
<msg timestamp="20230818 02:02:58.547" level="INFO">${clicked_option} = //label[contains(.,'Female')]</msg>
<status status="PASS" starttime="20230818 02:02:58.509" endtime="20230818 02:02:58.548"/>
</kw>
<kw name="Log" library="BuiltIn">
<arg>Clicked on ${clicked_option}</arg>
<doc>Logs the given message with the given level.</doc>
<msg timestamp="20230818 02:02:58.548" level="INFO">Clicked on //label[contains(.,'Female')]</msg>
<status status="PASS" starttime="20230818 02:02:58.548" endtime="20230818 02:02:58.548"/>
</kw>
<kw name="Click Element" library="SeleniumLibrary">
<arg>${MilitaryText}</arg>
<doc>Click the element identified by ``locator``.</doc>
<msg timestamp="20230818 02:02:58.548" level="INFO">Clicking element '//input[contains(@wfd-id,'id14')]'.</msg>
<status status="PASS" starttime="20230818 02:02:58.548" endtime="20230818 02:02:58.910"/>
</kw>
<kw name="Press Backspace Key" library="press_tab">
<status status="PASS" starttime="20230818 02:02:58.910" endtime="20230818 02:03:01.967"/>
</kw>
<kw name="Input Text" library="SeleniumLibrary">
<arg>${MilitaryText}</arg>
<arg>Tenent-${PALAVRAFAKE}</arg>
<doc>Types the given ``text`` into the text field identified by ``locator``.</doc>
<msg timestamp="20230818 02:03:01.968" level="INFO">Typing text 'Tenent-among' into text field '//input[contains(@wfd-id,'id14')]'.</msg>
<status status="PASS" starttime="20230818 02:03:01.967" endtime="20230818 02:03:02.020"/>
</kw>
<kw name="Click Random Option" library="resource">
<var>${clicked_option}</var>
<arg>${Smoke}</arg>
<arg>${AltSmoke}</arg>
<kw name="Evaluate" library="BuiltIn">
<var>${chosen_locator}</var>
<arg>random.choice([$locator1, $locator2])</arg>
<doc>Evaluates the given expression in Python and returns the result.</doc>
<msg timestamp="20230818 02:03:02.021" level="INFO">${chosen_locator} = //label[@class='oxd-label'][contains(.,'Smoker')]</msg>
<status status="PASS" starttime="20230818 02:03:02.021" endtime="20230818 02:03:02.021"/>
</kw>
<kw name="Click Element" library="SeleniumLibrary">
<arg>${chosen_locator}</arg>
<doc>Click the element identified by ``locator``.</doc>
<msg timestamp="20230818 02:03:02.022" level="INFO">Clicking element '//label[@class='oxd-label'][contains(.,'Smoker')]'.</msg>
<status status="PASS" starttime="20230818 02:03:02.021" endtime="20230818 02:03:02.053"/>
</kw>
<msg timestamp="20230818 02:03:02.054" level="INFO">${clicked_option} = //label[@class='oxd-label'][contains(.,'Smoker')]</msg>
<status status="PASS" starttime="20230818 02:03:02.020" endtime="20230818 02:03:02.054"/>
</kw>
<kw name="Click Element" library="SeleniumLibrary">
<arg>${Save1}</arg>
<doc>Click the element identified by ``locator``.</doc>
<msg timestamp="20230818 02:03:02.054" level="INFO">Clicking element '(//button[@type='submit'][contains(.,'Save')])[1]'.</msg>
<status status="PASS" starttime="20230818 02:03:02.054" endtime="20230818 02:03:02.085"/>
</kw>
<kw name="Validar quando save e clicado" library="resource">
<kw name="Wait Until Element Is Visible" library="SeleniumLibrary">
<arg>${Confirmation_save}</arg>
<doc>Waits until the element ``locator`` is visible.</doc>
<status status="PASS" starttime="20230818 02:03:02.086" endtime="20230818 02:03:02.541"/>
</kw>
<kw name="Log" library="BuiltIn">
<arg>Keyword executed successfully</arg>
<doc>Logs the given message with the given level.</doc>
<msg timestamp="20230818 02:03:02.542" level="INFO">Keyword executed successfully</msg>
<status status="PASS" starttime="20230818 02:03:02.541" endtime="20230818 02:03:02.542"/>
</kw>
<status status="PASS" starttime="20230818 02:03:02.086" endtime="20230818 02:03:02.542"/>
</kw>
<kw name="Scroll Element Into View" library="SeleniumLibrary">
<arg>${OrangeHRM}</arg>
<doc>Scrolls the element identified by ``locator`` into view.</doc>
<status status="PASS" starttime="20230818 02:03:02.542" endtime="20230818 02:03:02.826"/>
</kw>
<kw name="Click Element" library="SeleniumLibrary">
<arg>${BloodType}</arg>
<doc>Click the element identified by ``locator``.</doc>
<msg timestamp="20230818 02:03:02.828" level="INFO">Clicking element '//label[@class='oxd-label'][contains(.,'Blood Type')]'.</msg>
<status status="PASS" starttime="20230818 02:03:02.827" endtime="20230818 02:03:02.866"/>
</kw>
<kw name="Press Tab Key" library="press_tab">
<status status="PASS" starttime="20230818 02:03:02.866" endtime="20230818 02:03:02.981"/>
</kw>
<kw name="Random Choices" library="FakerLibrary">
<var>${random_element}</var>
<arg>elements=('a', 'b', 'o')</arg>
<doc>Generate a list of objects randomly sampled from ``elements`` with replacement.</doc>
<msg timestamp="20230818 02:03:02.982" level="INFO">${random_element} = ['b', 'b']</msg>
<status status="PASS" starttime="20230818 02:03:02.981" endtime="20230818 02:03:02.982"/>
</kw>
<kw name="Log" library="BuiltIn">
<arg>Chosen element: ${random_element}</arg>
<doc>Logs the given message with the given level.</doc>
<msg timestamp="20230818 02:03:02.982" level="INFO">Chosen element: ['b', 'b']</msg>
<status status="PASS" starttime="20230818 02:03:02.982" endtime="20230818 02:03:02.982"/>
</kw>
<kw name="Sleep" library="BuiltIn">
<arg>3</arg>
<doc>Pauses the test executed for the given time.</doc>
<msg timestamp="20230818 02:03:05.997" level="INFO">Slept 3 seconds</msg>
<status status="PASS" starttime="20230818 02:03:02.983" endtime="20230818 02:03:05.998"/>
</kw>
<kw name="Press Keys" library="SeleniumLibrary">
<arg>NONE</arg>
<arg>${random_element}</arg>
<doc>Simulates the user pressing key(s) to an element or on the active browser.</doc>
<msg timestamp="20230818 02:03:05.999" level="INFO">Sending key(s) ("['b', 'b']",) to page.</msg>
<msg timestamp="20230818 02:03:06.000" level="INFO">Sending keys ['b', 'b']</msg>
<status status="PASS" starttime="20230818 02:03:05.998" endtime="20230818 02:03:06.016"/>
</kw>
<kw name="Press Enter Key" library="press_tab">
<status status="PASS" starttime="20230818 02:03:06.017" endtime="20230818 02:03:06.120"/>
</kw>
<kw name="Click Element" library="SeleniumLibrary">
<arg>${Save2}</arg>
<doc>Click the element identified by ``locator``.</doc>
<msg timestamp="20230818 02:03:06.121" level="INFO">Clicking element '(//button[@type='submit'][contains(.,'Save')])[2]'.</msg>
<status status="PASS" starttime="20230818 02:03:06.120" endtime="20230818 02:03:06.152"/>
</kw>
<kw name="Validar quando save e clicado" library="resource">
<kw name="Wait Until Element Is Visible" library="SeleniumLibrary">
<arg>${Confirmation_save}</arg>
<doc>Waits until the element ``locator`` is visible.</doc>
<status status="PASS" starttime="20230818 02:03:06.152" endtime="20230818 02:03:06.621"/>
</kw>
<kw name="Log" library="BuiltIn">
<arg>Keyword executed successfully</arg>
<doc>Logs the given message with the given level.</doc>
<msg timestamp="20230818 02:03:06.622" level="INFO">Keyword executed successfully</msg>
<status status="PASS" starttime="20230818 02:03:06.622" endtime="20230818 02:03:06.623"/>
</kw>
<status status="PASS" starttime="20230818 02:03:06.152" endtime="20230818 02:03:06.623"/>
</kw>
<status status="PASS" starttime="20230818 02:02:54.509" endtime="20230818 02:03:06.623"/>
</kw>
<status status="PASS" starttime="20230818 02:02:14.622" endtime="20230818 02:03:06.624"/>
</kw>
<kw name="Então Realizo a add de um anexo" library="resource">
<kw name="Wait Until Element Is Visible" library="SeleniumLibrary">
<arg>${Anexos}</arg>
<doc>Waits until the element ``locator`` is visible.</doc>
<status status="PASS" starttime="20230818 02:03:06.625" endtime="20230818 02:03:06.640"/>
</kw>
<kw name="Click Element" library="SeleniumLibrary">
<arg>${Anexos}</arg>
<doc>Click the element identified by ``locator``.</doc>
<msg timestamp="20230818 02:03:06.641" level="INFO">Clicking element '//button[@type='button'][contains(.,'Add')]'.</msg>
<status status="PASS" starttime="20230818 02:03:06.640" endtime="20230818 02:03:06.675"/>
</kw>
<kw name="Sleep" library="BuiltIn">
<arg>2</arg>
<doc>Pauses the test executed for the given time.</doc>
<msg timestamp="20230818 02:03:08.685" level="INFO">Slept 2 seconds</msg>
<status status="PASS" starttime="20230818 02:03:06.675" endtime="20230818 02:03:08.686"/>
</kw>
<kw name="Click Element" library="SeleniumLibrary">
<arg>${Browse}</arg>
<doc>Click the element identified by ``locator``.</doc>
<msg timestamp="20230818 02:03:08.687" level="INFO">Clicking element '//div[@class='oxd-file-button'][contains(.,'Browse')]'.</msg>
<status status="PASS" starttime="20230818 02:03:08.687" endtime="20230818 02:03:08.725"/>
</kw>
<kw name="Upload File" library="press_tab">
<status status="PASS" starttime="20230818 02:03:08.725" endtime="20230818 02:03:40.615"/>
</kw>
<kw name="Scroll Element Into View" library="SeleniumLibrary">
<arg>${OrangeHRM}</arg>
<doc>Scrolls the element identified by ``locator`` into view.</doc>
<status status="PASS" starttime="20230818 02:03:40.615" endtime="20230818 02:03:40.899"/>
</kw>
<kw name="Click Element" library="SeleniumLibrary">
<arg>${Coment}</arg>
<doc>Click the element identified by ``locator``.</doc>
<msg timestamp="20230818 02:03:40.900" level="INFO">Clicking element '//textarea[@placeholder='Type comment here']'.</msg>
<status status="PASS" starttime="20230818 02:03:40.899" endtime="20230818 02:03:40.932"/>
</kw>
<kw name="Sleep" library="BuiltIn">
<arg>2</arg>
<doc>Pauses the test executed for the given time.</doc>
<msg timestamp="20230818 02:03:42.933" level="INFO">Slept 2 seconds</msg>
<status status="PASS" starttime="20230818 02:03:40.932" endtime="20230818 02:03:42.933"/>
</kw>
<kw name="Word" library="FakerLibrary">
<var>${PALAVRAFAKE}</var>
<doc>Generate a word.</doc>
<msg timestamp="20230818 02:03:42.934" level="INFO">${PALAVRAFAKE} = personal</msg>
<status status="PASS" starttime="20230818 02:03:42.934" endtime="20230818 02:03:42.935"/>
</kw>
<kw name="Input Text" library="SeleniumLibrary">
<arg>${Coment}</arg>
<arg>${PALAVRAFAKE} -</arg>
<doc>Types the given ``text`` into the text field identified by ``locator``.</doc>
<msg timestamp="20230818 02:03:42.936" level="INFO">Typing text 'personal -' into text field '//textarea[@placeholder='Type comment here']'.</msg>
<status status="PASS" starttime="20230818 02:03:42.935" endtime="20230818 02:03:42.981"/>
</kw>
<kw name="Word" library="FakerLibrary">
<var>${PALAVRAFAKE}</var>
<doc>Generate a word.</doc>
<msg timestamp="20230818 02:03:42.982" level="INFO">${PALAVRAFAKE} = owner</msg>
<status status="PASS" starttime="20230818 02:03:42.982" endtime="20230818 02:03:42.983"/>
</kw>
<kw name="Input Text" library="SeleniumLibrary">
<arg>${Coment}</arg>
<arg>${PALAVRAFAKE}</arg>
<doc>Types the given ``text`` into the text field identified by ``locator``.</doc>
<msg timestamp="20230818 02:03:42.983" level="INFO">Typing text 'owner' into text field '//textarea[@placeholder='Type comment here']'.</msg>
<status status="PASS" starttime="20230818 02:03:42.983" endtime="20230818 02:03:43.034"/>
</kw>
<kw name="Click Button" library="SeleniumLibrary">
<arg>${Save3}</arg>
<doc>Clicks the button identified by ``locator``.</doc>
<msg timestamp="20230818 02:03:43.035" level="INFO">Clicking button '(//button[@type='submit'][contains(.,'Save')])[3]'.</msg>
<status status="PASS" starttime="20230818 02:03:43.034" endtime="20230818 02:03:43.076"/>
</kw>
<kw name="Validar quando save e clicado" library="resource">
<kw name="Wait Until Element Is Visible" library="SeleniumLibrary">
<arg>${Confirmation_save}</arg>
<doc>Waits until the element ``locator`` is visible.</doc>
<status status="PASS" starttime="20230818 02:03:43.077" endtime="20230818 02:03:43.544"/>
</kw>
<kw name="Log" library="BuiltIn">
<arg>Keyword executed successfully</arg>
<doc>Logs the given message with the given level.</doc>
<msg timestamp="20230818 02:03:43.545" level="INFO">Keyword executed successfully</msg>
<status status="PASS" starttime="20230818 02:03:43.544" endtime="20230818 02:03:43.545"/>
</kw>
<status status="PASS" starttime="20230818 02:03:43.077" endtime="20230818 02:03:43.545"/>
</kw>
<status status="PASS" starttime="20230818 02:03:06.624" endtime="20230818 02:03:43.545"/>
</kw>
<kw name="Todos os saves foram clicados" library="resource">
<kw name="Validar quando save e clicado" library="resource">
<var>${status}</var>
<kw name="Wait Until Element Is Visible" library="SeleniumLibrary">
<arg>${Confirmation_save}</arg>
<doc>Waits until the element ``locator`` is visible.</doc>
<status status="PASS" starttime="20230818 02:03:43.546" endtime="20230818 02:03:43.559"/>
</kw>
<kw name="Log" library="BuiltIn">
<arg>Keyword executed successfully</arg>
<doc>Logs the given message with the given level.</doc>
<msg timestamp="20230818 02:03:43.560" level="INFO">Keyword executed successfully</msg>
<status status="PASS" starttime="20230818 02:03:43.560" endtime="20230818 02:03:43.560"/>
</kw>
<msg timestamp="20230818 02:03:43.560" level="INFO">${status} = SUCCESS</msg>
<status status="PASS" starttime="20230818 02:03:43.546" endtime="20230818 02:03:43.560"/>
</kw>
<kw name="Should Be Equal As Strings" library="BuiltIn">
<arg>${status}</arg>
<arg>SUCCESS</arg>
<doc>Fails if objects are unequal after converting them to strings.</doc>
<status status="PASS" starttime="20230818 02:03:43.560" endtime="20230818 02:03:43.561"/>
</kw>
<status status="PASS" starttime="20230818 02:03:43.546" endtime="20230818 02:03:43.561"/>
</kw>
<kw name="Sleep" library="BuiltIn">
<arg>10</arg>
<doc>Pauses the test executed for the given time.</doc>
<msg timestamp="20230818 02:03:53.574" level="INFO">Slept 10 seconds</msg>
<status status="PASS" starttime="20230818 02:03:43.561" endtime="20230818 02:03:53.576"/>
</kw>
<kw name="Fechar o navegador" library="resource" type="TEARDOWN">
<kw name="Close Browser" library="SeleniumLibrary">
<doc>Closes the current browser.</doc>
<status status="PASS" starttime="20230818 02:03:53.579" endtime="20230818 02:03:55.695"/>
</kw>
<status status="PASS" starttime="20230818 02:03:53.578" endtime="20230818 02:03:55.696"/>
</kw>
<tag>Login</tag>
<status status="PASS" starttime="20230818 02:02:04.101" endtime="20230818 02:03:55.697"/>
</test>
<doc>Essa suite testa o login</doc>
<status status="PASS" starttime="20230818 02:02:03.560" endtime="20230818 02:03:55.701"/>
</suite>
<statistics>
<total>
<stat pass="1" fail="0" skip="0">All Tests</stat>
</total>
<tag>
<stat pass="1" fail="0" skip="0">Login</stat>
</tag>
<suite>
<stat pass="1" fail="0" skip="0" id="s1" name="Testmyinfo">Testmyinfo</stat>
</suite>
</statistics>
<errors>
</errors>
</robot>
